app/build/intermediates/manifest_merge_blame_file/debug/manifest-merger-blame-debug-report.txt
1<?xml version="1.0" encoding="utf-8"?>
2<manifest xmlns:android="http://schemas.android.com/apk/res/android"
3    package="com.weatherintake41itiahy.weather"
4    android:versionCode="1"
5    android:versionName="1.0" >
6
7    <uses-sdk
8        android:minSdkVersion="21"
8-->src\main\AndroidManifest.xml
9        android:targetSdkVersion="30" />
9-->src\main\AndroidManifest.xml
10    <!--
11         The ACCESS_COARSE/FINE_LOCATION permissions are not required to use
12         Google Maps Android API v2, but you must specify either coarse or fine
13         location permissions for the "MyLocation" functionality.
14    -->
15    <uses-permission android:name="android.permission.ACCESS_FINE_LOCATION" />
15-->src\main\AndroidManifest.xml:10:5-79
15-->src\main\AndroidManifest.xml:10:22-76
16    <uses-permission android:name="android.permission.INTERNET" />
16-->src\main\AndroidManifest.xml:11:5-67
16-->src\main\AndroidManifest.xml:11:22-64
17    <uses-permission android:name="android.permission.ACCESS_WIFI_STATE" />
17-->src\main\AndroidManifest.xml:12:5-76
17-->src\main\AndroidManifest.xml:12:22-73
18    <uses-permission android:name="android.permission.ACCESS_NETWORK_STATE" />
18-->src\main\AndroidManifest.xml:13:5-79
18-->src\main\AndroidManifest.xml:13:22-76
19    <uses-permission android:name="android.permission.ACCESS_COARSE_LOCATION" />
19-->src\main\AndroidManifest.xml:14:5-81
19-->src\main\AndroidManifest.xml:14:22-78
20    <uses-permission android:name="android.permission.WAKE_LOCK" />
20-->[androidx.work:work-runtime:2.5.0] AndroidManifest.xml:25:5-68
20-->[androidx.work:work-runtime:2.5.0] AndroidManifest.xml:25:22-65
21    <uses-permission android:name="android.permission.RECEIVE_BOOT_COMPLETED" />
21-->[androidx.work:work-runtime:2.5.0] AndroidManifest.xml:27:5-81
21-->[androidx.work:work-runtime:2.5.0] AndroidManifest.xml:27:22-78
22    <uses-permission android:name="android.permission.FOREGROUND_SERVICE" />
22-->[androidx.work:work-runtime:2.5.0] AndroidManifest.xml:28:5-77
22-->[androidx.work:work-runtime:2.5.0] AndroidManifest.xml:28:22-74
23
24    <uses-feature
24-->[com.google.android.gms:play-services-maps:17.0.0] AndroidManifest.xml:26:5-28:35
25        android:glEsVersion="0x00020000"
25-->[com.google.android.gms:play-services-maps:17.0.0] AndroidManifest.xml:27:9-41
26        android:required="true" />
26-->[com.google.android.gms:play-services-maps:17.0.0] AndroidManifest.xml:28:9-32
27
28    <application
28-->src\main\AndroidManifest.xml:16:5-53:19
29        android:allowBackup="true"
29-->src\main\AndroidManifest.xml:17:9-35
30        android:appComponentFactory="androidx.core.app.CoreComponentFactory"
30-->[androidx.core:core:1.3.2] AndroidManifest.xml:24:18-86
31        android:debuggable="true"
32        android:icon="@mipmap/ic_launcher"
32-->src\main\AndroidManifest.xml:18:9-43
33        android:label="@string/app_name"
33-->src\main\AndroidManifest.xml:19:9-41
34        android:roundIcon="@mipmap/ic_launcher_round"
34-->src\main\AndroidManifest.xml:20:9-54
35        android:supportsRtl="true"
35-->src\main\AndroidManifest.xml:21:9-35
36        android:testOnly="true"
37        android:theme="@style/Theme.Weather" >
37-->src\main\AndroidManifest.xml:22:9-45
38        <activity android:name="com.weatherintake41itiahy.weather.Splash" >
38-->src\main\AndroidManifest.xml:24:9-30:20
38-->src\main\AndroidManifest.xml:24:19-41
39            <intent-filter>
39-->src\main\AndroidManifest.xml:25:13-29:29
40                <action android:name="android.intent.action.MAIN" />
40-->src\main\AndroidManifest.xml:26:17-69
40-->src\main\AndroidManifest.xml:26:25-66
41
42                <category android:name="android.intent.category.LAUNCHER" />
42-->src\main\AndroidManifest.xml:28:17-77
42-->src\main\AndroidManifest.xml:28:27-74
43            </intent-filter>
44        </activity>
45        <!--
46             The API key for Google Maps-based APIs is defined as a string resource.
47             (See the file "res/values/google_maps_api.xml").
48             Note that the API key is linked to the encryption key used to sign the APK.
49             You need a different API key for each encryption key, including the release key that is used to
50             sign the APK for publishing.
51             You can define the keys for the debug and release targets in src/debug/ and src/release/.
52        -->
53        <meta-data
53-->src\main\AndroidManifest.xml:39:9-41:55
54            android:name="com.google.android.geo.API_KEY"
54-->src\main\AndroidManifest.xml:40:13-58
55            android:value="@string/google_maps_key" />
55-->src\main\AndroidManifest.xml:41:13-52
56
57        <activity
57-->src\main\AndroidManifest.xml:43:9-46:78
58            android:name="com.weatherintake41itiahy.weather.map.MapsActivity"
58-->src\main\AndroidManifest.xml:44:13-45
59            android:label="@string/title_activity_maps"
59-->src\main\AndroidManifest.xml:45:13-56
60            android:theme="@style/Theme.Design.Light.NoActionBar" />
60-->src\main\AndroidManifest.xml:46:13-66
61        <activity
61-->src\main\AndroidManifest.xml:47:9-52:20
62            android:name="com.weatherintake41itiahy.weather.mainScreenUI.mainActivity.MainActivity"
62-->src\main\AndroidManifest.xml:48:13-67
63            android:label="@string/app_name"
63-->src\main\AndroidManifest.xml:49:13-45
64            android:theme="@style/Theme.Weather.MainActivity" >
64-->src\main\AndroidManifest.xml:50:13-62
65        </activity>
66
67        <service
67-->[androidx.work:work-multiprocess:2.5.0] AndroidManifest.xml:25:9-27:40
68            android:name="androidx.work.multiprocess.RemoteWorkManagerService"
68-->[androidx.work:work-multiprocess:2.5.0] AndroidManifest.xml:26:13-79
69            android:exported="false" />
69-->[androidx.work:work-multiprocess:2.5.0] AndroidManifest.xml:27:13-37
70
71        <provider
71-->[androidx.work:work-runtime:2.5.0] AndroidManifest.xml:31:9-37:35
72            android:name="androidx.work.impl.WorkManagerInitializer"
72-->[androidx.work:work-runtime:2.5.0] AndroidManifest.xml:32:13-69
73            android:authorities="com.weatherintake41itiahy.weather.workmanager-init"
73-->[androidx.work:work-runtime:2.5.0] AndroidManifest.xml:33:13-68
74            android:directBootAware="false"
74-->[androidx.work:work-runtime:2.5.0] AndroidManifest.xml:34:13-44
75            android:exported="false"
75-->[androidx.work:work-runtime:2.5.0] AndroidManifest.xml:35:13-37
76            android:multiprocess="true" />
76-->[androidx.work:work-runtime:2.5.0] AndroidManifest.xml:36:13-40
77
78        <service
78-->[androidx.work:work-runtime:2.5.0] AndroidManifest.xml:39:9-44:35
79            android:name="androidx.work.impl.background.systemalarm.SystemAlarmService"
79-->[androidx.work:work-runtime:2.5.0] AndroidManifest.xml:40:13-88
80            android:directBootAware="false"
80-->[androidx.work:work-runtime:2.5.0] AndroidManifest.xml:41:13-44
81            android:enabled="@bool/enable_system_alarm_service_default"
81-->[androidx.work:work-runtime:2.5.0] AndroidManifest.xml:42:13-72
82            android:exported="false" />
82-->[androidx.work:work-runtime:2.5.0] AndroidManifest.xml:43:13-37
83        <service
83-->[androidx.work:work-runtime:2.5.0] AndroidManifest.xml:45:9-51:35
84            android:name="androidx.work.impl.background.systemjob.SystemJobService"
84-->[androidx.work:work-runtime:2.5.0] AndroidManifest.xml:46:13-84
85            android:directBootAware="false"
85-->[androidx.work:work-runtime:2.5.0] AndroidManifest.xml:47:13-44
86            android:enabled="@bool/enable_system_job_service_default"
86-->[androidx.work:work-runtime:2.5.0] AndroidManifest.xml:48:13-70
87            android:exported="true"
87-->[androidx.work:work-runtime:2.5.0] AndroidManifest.xml:49:13-36
88            android:permission="android.permission.BIND_JOB_SERVICE" />
88-->[androidx.work:work-runtime:2.5.0] AndroidManifest.xml:50:13-69
89        <service
89-->[androidx.work:work-runtime:2.5.0] AndroidManifest.xml:52:9-57:35
90            android:name="androidx.work.impl.foreground.SystemForegroundService"
90-->[androidx.work:work-runtime:2.5.0] AndroidManifest.xml:53:13-81
91            android:directBootAware="false"
91-->[androidx.work:work-runtime:2.5.0] AndroidManifest.xml:54:13-44
92            android:enabled="@bool/enable_system_foreground_service_default"
92-->[androidx.work:work-runtime:2.5.0] AndroidManifest.xml:55:13-77
93            android:exported="false" />
93-->[androidx.work:work-runtime:2.5.0] AndroidManifest.xml:56:13-37
94
95        <receiver
95-->[androidx.work:work-runtime:2.5.0] AndroidManifest.xml:59:9-64:35
96            android:name="androidx.work.impl.utils.ForceStopRunnable$BroadcastReceiver"
96-->[androidx.work:work-runtime:2.5.0] AndroidManifest.xml:60:13-88
97            android:directBootAware="false"
97-->[androidx.work:work-runtime:2.5.0] AndroidManifest.xml:61:13-44
98            android:enabled="true"
98-->[androidx.work:work-runtime:2.5.0] AndroidManifest.xml:62:13-35
99            android:exported="false" />
99-->[androidx.work:work-runtime:2.5.0] AndroidManifest.xml:63:13-37
100        <receiver
100-->[androidx.work:work-runtime:2.5.0] AndroidManifest.xml:65:9-75:20
101            android:name="androidx.work.impl.background.systemalarm.ConstraintProxy$BatteryChargingProxy"
101-->[androidx.work:work-runtime:2.5.0] AndroidManifest.xml:66:13-106
102            android:directBootAware="false"
102-->[androidx.work:work-runtime:2.5.0] AndroidManifest.xml:67:13-44
103            android:enabled="false"
103-->[androidx.work:work-runtime:2.5.0] AndroidManifest.xml:68:13-36
104            android:exported="false" >
104-->[androidx.work:work-runtime:2.5.0] AndroidManifest.xml:69:13-37
105            <intent-filter>
105-->[androidx.work:work-runtime:2.5.0] AndroidManifest.xml:71:13-74:29
106                <action android:name="android.intent.action.ACTION_POWER_CONNECTED" />
106-->[androidx.work:work-runtime:2.5.0] AndroidManifest.xml:72:17-87
106-->[androidx.work:work-runtime:2.5.0] AndroidManifest.xml:72:25-84
107                <action android:name="android.intent.action.ACTION_POWER_DISCONNECTED" />
107-->[androidx.work:work-runtime:2.5.0] AndroidManifest.xml:73:17-90
107-->[androidx.work:work-runtime:2.5.0] AndroidManifest.xml:73:25-87
108            </intent-filter>
109        </receiver>
110        <receiver
110-->[androidx.work:work-runtime:2.5.0] AndroidManifest.xml:76:9-86:20
111            android:name="androidx.work.impl.background.systemalarm.ConstraintProxy$BatteryNotLowProxy"
111-->[androidx.work:work-runtime:2.5.0] AndroidManifest.xml:77:13-104
112            android:directBootAware="false"
112-->[androidx.work:work-runtime:2.5.0] AndroidManifest.xml:78:13-44
113            android:enabled="false"
113-->[androidx.work:work-runtime:2.5.0] AndroidManifest.xml:79:13-36
114            android:exported="false" >
114-->[androidx.work:work-runtime:2.5.0] AndroidManifest.xml:80:13-37
115            <intent-filter>
115-->[androidx.work:work-runtime:2.5.0] AndroidManifest.xml:82:13-85:29
116                <action android:name="android.intent.action.BATTERY_OKAY" />
116-->[androidx.work:work-runtime:2.5.0] AndroidManifest.xml:83:17-77
116-->[androidx.work:work-runtime:2.5.0] AndroidManifest.xml:83:25-74
117                <action android:name="android.intent.action.BATTERY_LOW" />
117-->[androidx.work:work-runtime:2.5.0] AndroidManifest.xml:84:17-76
117-->[androidx.work:work-runtime:2.5.0] AndroidManifest.xml:84:25-73
118            </intent-filter>
119        </receiver>
120        <receiver
120-->[androidx.work:work-runtime:2.5.0] AndroidManifest.xml:87:9-97:20
121            android:name="androidx.work.impl.background.systemalarm.ConstraintProxy$StorageNotLowProxy"
121-->[androidx.work:work-runtime:2.5.0] AndroidManifest.xml:88:13-104
122            android:directBootAware="false"
122-->[androidx.work:work-runtime:2.5.0] AndroidManifest.xml:89:13-44
123            android:enabled="false"
123-->[androidx.work:work-runtime:2.5.0] AndroidManifest.xml:90:13-36
124            android:exported="false" >
124-->[androidx.work:work-runtime:2.5.0] AndroidManifest.xml:91:13-37
125            <intent-filter>
125-->[androidx.work:work-runtime:2.5.0] AndroidManifest.xml:93:13-96:29
126                <action android:name="android.intent.action.DEVICE_STORAGE_LOW" />
126-->[androidx.work:work-runtime:2.5.0] AndroidManifest.xml:94:17-83
126-->[androidx.work:work-runtime:2.5.0] AndroidManifest.xml:94:25-80
127                <action android:name="android.intent.action.DEVICE_STORAGE_OK" />
127-->[androidx.work:work-runtime:2.5.0] AndroidManifest.xml:95:17-82
127-->[androidx.work:work-runtime:2.5.0] AndroidManifest.xml:95:25-79
128            </intent-filter>
129        </receiver>
130        <receiver
130-->[androidx.work:work-runtime:2.5.0] AndroidManifest.xml:98:9-107:20
131            android:name="androidx.work.impl.background.systemalarm.ConstraintProxy$NetworkStateProxy"
131-->[androidx.work:work-runtime:2.5.0] AndroidManifest.xml:99:13-103
132            android:directBootAware="false"
132-->[androidx.work:work-runtime:2.5.0] AndroidManifest.xml:100:13-44
133            android:enabled="false"
133-->[androidx.work:work-runtime:2.5.0] AndroidManifest.xml:101:13-36
134            android:exported="false" >
134-->[androidx.work:work-runtime:2.5.0] AndroidManifest.xml:102:13-37
135            <intent-filter>
135-->[androidx.work:work-runtime:2.5.0] AndroidManifest.xml:104:13-106:29
136                <action android:name="android.net.conn.CONNECTIVITY_CHANGE" />
136-->[androidx.work:work-runtime:2.5.0] AndroidManifest.xml:105:17-79
136-->[androidx.work:work-runtime:2.5.0] AndroidManifest.xml:105:25-76
137            </intent-filter>
138        </receiver>
139        <receiver
139-->[androidx.work:work-runtime:2.5.0] AndroidManifest.xml:108:9-119:20
140            android:name="androidx.work.impl.background.systemalarm.RescheduleReceiver"
140-->[androidx.work:work-runtime:2.5.0] AndroidManifest.xml:109:13-88
141            android:directBootAware="false"
141-->[androidx.work:work-runtime:2.5.0] AndroidManifest.xml:110:13-44
142            android:enabled="false"
142-->[androidx.work:work-runtime:2.5.0] AndroidManifest.xml:111:13-36
143            android:exported="false" >
143-->[androidx.work:work-runtime:2.5.0] AndroidManifest.xml:112:13-37
144            <intent-filter>
144-->[androidx.work:work-runtime:2.5.0] AndroidManifest.xml:114:13-118:29
145                <action android:name="android.intent.action.BOOT_COMPLETED" />
145-->[androidx.work:work-runtime:2.5.0] AndroidManifest.xml:115:17-79
145-->[androidx.work:work-runtime:2.5.0] AndroidManifest.xml:115:25-76
146                <action android:name="android.intent.action.TIME_SET" />
146-->[androidx.work:work-runtime:2.5.0] AndroidManifest.xml:116:17-73
146-->[androidx.work:work-runtime:2.5.0] AndroidManifest.xml:116:25-70
147                <action android:name="android.intent.action.TIMEZONE_CHANGED" />
147-->[androidx.work:work-runtime:2.5.0] AndroidManifest.xml:117:17-81
147-->[androidx.work:work-runtime:2.5.0] AndroidManifest.xml:117:25-78
148            </intent-filter>
149        </receiver>
150        <receiver
150-->[androidx.work:work-runtime:2.5.0] AndroidManifest.xml:120:9-129:20
151            android:name="androidx.work.impl.background.systemalarm.ConstraintProxyUpdateReceiver"
151-->[androidx.work:work-runtime:2.5.0] AndroidManifest.xml:121:13-99
152            android:directBootAware="false"
152-->[androidx.work:work-runtime:2.5.0] AndroidManifest.xml:122:13-44
153            android:enabled="@bool/enable_system_alarm_service_default"
153-->[androidx.work:work-runtime:2.5.0] AndroidManifest.xml:123:13-72
154            android:exported="false" >
154-->[androidx.work:work-runtime:2.5.0] AndroidManifest.xml:124:13-37
155            <intent-filter>
155-->[androidx.work:work-runtime:2.5.0] AndroidManifest.xml:126:13-128:29
156                <action android:name="androidx.work.impl.background.systemalarm.UpdateProxies" />
156-->[androidx.work:work-runtime:2.5.0] AndroidManifest.xml:127:17-98
156-->[androidx.work:work-runtime:2.5.0] AndroidManifest.xml:127:25-95
157            </intent-filter>
158        </receiver>
159        <receiver
159-->[androidx.work:work-runtime:2.5.0] AndroidManifest.xml:130:9-140:20
160            android:name="androidx.work.impl.diagnostics.DiagnosticsReceiver"
160-->[androidx.work:work-runtime:2.5.0] AndroidManifest.xml:131:13-78
161            android:directBootAware="false"
161-->[androidx.work:work-runtime:2.5.0] AndroidManifest.xml:132:13-44
162            android:enabled="true"
162-->[androidx.work:work-runtime:2.5.0] AndroidManifest.xml:133:13-35
163            android:exported="true"
163-->[androidx.work:work-runtime:2.5.0] AndroidManifest.xml:134:13-36
164            android:permission="android.permission.DUMP" >
164-->[androidx.work:work-runtime:2.5.0] AndroidManifest.xml:135:13-57
165            <intent-filter>
165-->[androidx.work:work-runtime:2.5.0] AndroidManifest.xml:137:13-139:29
166                <action android:name="androidx.work.diagnostics.REQUEST_DIAGNOSTICS" />
166-->[androidx.work:work-runtime:2.5.0] AndroidManifest.xml:138:17-88
166-->[androidx.work:work-runtime:2.5.0] AndroidManifest.xml:138:25-85
167            </intent-filter>
168        </receiver>
169
170        <service
170-->[androidx.room:room-runtime:2.2.6] AndroidManifest.xml:25:9-28:40
171            android:name="androidx.room.MultiInstanceInvalidationService"
171-->[androidx.room:room-runtime:2.2.6] AndroidManifest.xml:26:13-74
172            android:directBootAware="true"
172-->[androidx.room:room-runtime:2.2.6] AndroidManifest.xml:27:13-43
173            android:exported="false" /> <!-- Needs to be explicitly declared on P+ -->
173-->[androidx.room:room-runtime:2.2.6] AndroidManifest.xml:28:13-37
174        <uses-library
174-->[com.google.android.gms:play-services-maps:17.0.0] AndroidManifest.xml:33:9-35:40
175            android:name="org.apache.http.legacy"
175-->[com.google.android.gms:play-services-maps:17.0.0] AndroidManifest.xml:34:13-50
176            android:required="false" />
176-->[com.google.android.gms:play-services-maps:17.0.0] AndroidManifest.xml:35:13-37
177
178        <activity
178-->[com.google.android.gms:play-services-base:17.0.0] AndroidManifest.xml:23:9-26:75
179            android:name="com.google.android.gms.common.api.GoogleApiActivity"
179-->[com.google.android.gms:play-services-base:17.0.0] AndroidManifest.xml:24:13-79
180            android:exported="false"
180-->[com.google.android.gms:play-services-base:17.0.0] AndroidManifest.xml:25:13-37
181            android:theme="@android:style/Theme.Translucent.NoTitleBar" />
181-->[com.google.android.gms:play-services-base:17.0.0] AndroidManifest.xml:26:13-72
182
183        <meta-data
183-->[com.google.android.gms:play-services-basement:17.0.0] AndroidManifest.xml:23:9-25:69
184            android:name="com.google.android.gms.version"
184-->[com.google.android.gms:play-services-basement:17.0.0] AndroidManifest.xml:24:13-58
185            android:value="@integer/google_play_services_version" />
185-->[com.google.android.gms:play-services-basement:17.0.0] AndroidManifest.xml:25:13-66
186
187        <provider
187-->[androidx.lifecycle:lifecycle-process:2.2.0] AndroidManifest.xml:25:9-29:43
188            android:name="androidx.lifecycle.ProcessLifecycleOwnerInitializer"
188-->[androidx.lifecycle:lifecycle-process:2.2.0] AndroidManifest.xml:26:13-79
189            android:authorities="com.weatherintake41itiahy.weather.lifecycle-process"
189-->[androidx.lifecycle:lifecycle-process:2.2.0] AndroidManifest.xml:27:13-69
190            android:exported="false"
190-->[androidx.lifecycle:lifecycle-process:2.2.0] AndroidManifest.xml:28:13-37
191            android:multiprocess="true" />
191-->[androidx.lifecycle:lifecycle-process:2.2.0] AndroidManifest.xml:29:13-40
192    </application>
193
194</manifest>